Usage: celery [OPTIONS] COMMAND [ARGS]...
Try 'celery --help' for help.

Error: 
Unable to load celery application.
While trying to load the module workers.celery_app the following error occurred:
Traceback (most recent call last):
  File "/usr/local/python/3.12.1/lib/python3.12/site-packages/celery/bin/celery.py", line 141, in celery
    app = find_app(app)
          ^^^^^^^^^^^^^
  File "/usr/local/python/3.12.1/lib/python3.12/site-packages/celery/app/utils.py", line 386, in find_app
    sym = imp(app)
          ^^^^^^^^
  File "/usr/local/python/3.12.1/lib/python3.12/site-packages/celery/utils/imports.py", line 109, in import_from_cwd
    return imp(module, package=package)
           ^^^^^^^^^^^^^^^^^^^^^^^^^^^^
  File "/usr/local/python/3.12.1/lib/python3.12/importlib/__init__.py", line 90, in import_module
    return _bootstrap._gcd_import(name[level:], package, level)
           ^^^^^^^^^^^^^^^^^^^^^^^^^^^^^^^^^^^^^^^^^^^^^^^^^^^^
  File "<frozen importlib._bootstrap>", line 1387, in _gcd_import
  File "<frozen importlib._bootstrap>", line 1360, in _find_and_load
  File "<frozen importlib._bootstrap>", line 1331, in _find_and_load_unlocked
  File "<frozen importlib._bootstrap>", line 935, in _load_unlocked
  File "<frozen importlib._bootstrap_external>", line 994, in exec_module
  File "<frozen importlib._bootstrap>", line 488, in _call_with_frames_removed
  File "/workspaces/the_first/request-network/workers/celery_app.py", line 2, in <module>
    from .config import settings
  File "/workspaces/the_first/request-network/workers/config.py", line 27, in <module>
    settings = Settings()
               ^^^^^^^^^^
  File "/usr/local/python/3.12.1/lib/python3.12/site-packages/pydantic_settings/main.py", line 193, in __init__
    super().__init__(
  File "/usr/local/python/3.12.1/lib/python3.12/site-packages/pydantic/main.py", line 250, in __init__
    validated_self = self.__pydantic_validator__.validate_python(data, self_instance=self)
                     ^^^^^^^^^^^^^^^^^^^^^^^^^^^^^^^^^^^^^^^^^^^^^^^^^^^^^^^^^^^^^^^^^^^^^
pydantic_core._pydantic_core.ValidationError: 5 validation errors for Settings
REQUEST_DB_USER
  Field required [type=missing, input_value={}, input_type=dict]
    For further information visit https://errors.pydantic.dev/2.12/v/missing
REQUEST_DB_PASSWORD
  Field required [type=missing, input_value={}, input_type=dict]
    For further information visit https://errors.pydantic.dev/2.12/v/missing
REQUEST_DB_HOST
  Field required [type=missing, input_value={}, input_type=dict]
    For further information visit https://errors.pydantic.dev/2.12/v/missing
REQUEST_DB_PORT
  Field required [type=missing, input_value={}, input_type=dict]
    For further information visit https://errors.pydantic.dev/2.12/v/missing
REQUEST_DB_NAME
  Field required [type=missing, input_value={}, input_type=dict]
    For further information visit https://errors.pydantic.dev/2.12/v/missing

